app/build/intermediates/manifest_merge_blame_file/debug/processDebugMainManifest/manifest-merger-blame-debug-report.txt
1<?xml version="1.0" encoding="utf-8"?>
2<manifest xmlns:android="http://schemas.android.com/apk/res/android"
3    package="com.civicai"
4    android:versionCode="1"
5    android:versionName="1.0.0" >
6
7    <uses-sdk
8        android:minSdkVersion="24"
9        android:targetSdkVersion="35" />
10
11    <!-- Permissions -->
12    <uses-permission android:name="android.permission.INTERNET" />
12-->src\main\AndroidManifest.xml:5:5-67
12-->src\main\AndroidManifest.xml:5:22-64
13    <uses-permission android:name="android.permission.ACCESS_NETWORK_STATE" />
13-->src\main\AndroidManifest.xml:6:5-79
13-->src\main\AndroidManifest.xml:6:22-76
14    <uses-permission android:name="android.permission.ACCESS_FINE_LOCATION" />
14-->src\main\AndroidManifest.xml:7:5-79
14-->src\main\AndroidManifest.xml:7:22-76
15    <uses-permission android:name="android.permission.ACCESS_COARSE_LOCATION" />
15-->src\main\AndroidManifest.xml:8:5-81
15-->src\main\AndroidManifest.xml:8:22-78
16    <uses-permission android:name="android.permission.POST_NOTIFICATIONS" />
16-->src\main\AndroidManifest.xml:9:5-77
16-->src\main\AndroidManifest.xml:9:22-74
17    <uses-permission android:name="android.permission.CAMERA" />
17-->src\main\AndroidManifest.xml:10:5-65
17-->src\main\AndroidManifest.xml:10:22-62
18
19    <uses-feature
19-->[com.google.android.gms:play-services-maps:19.0.0] AndroidManifest.xml:26:5-28:35
20        android:glEsVersion="0x00020000"
20-->[com.google.android.gms:play-services-maps:19.0.0] AndroidManifest.xml:27:9-41
21        android:required="true" />
21-->[com.google.android.gms:play-services-maps:19.0.0] AndroidManifest.xml:28:9-32
22
23    <queries>
23-->[com.google.android.gms:play-services-maps:19.0.0] AndroidManifest.xml:30:5-34:15
24
25        <!-- Needs to be explicitly declared on Android R+ -->
26        <package android:name="com.google.android.apps.maps" />
26-->[com.google.android.gms:play-services-maps:19.0.0] AndroidManifest.xml:33:9-64
26-->[com.google.android.gms:play-services-maps:19.0.0] AndroidManifest.xml:33:18-61
27    </queries>
28
29    <uses-permission android:name="android.permission.WAKE_LOCK" /> <!-- Required by older versions of Google Play services to create IID tokens -->
29-->[com.google.firebase:firebase-messaging:24.1.0] AndroidManifest.xml:24:5-68
29-->[com.google.firebase:firebase-messaging:24.1.0] AndroidManifest.xml:24:22-65
30    <uses-permission android:name="com.google.android.c2dm.permission.RECEIVE" />
30-->[com.google.firebase:firebase-messaging:24.1.0] AndroidManifest.xml:26:5-82
30-->[com.google.firebase:firebase-messaging:24.1.0] AndroidManifest.xml:26:22-79
31    <uses-permission android:name="com.google.android.finsky.permission.BIND_GET_INSTALL_REFERRER_SERVICE" />
31-->[com.google.android.gms:play-services-measurement:22.1.2] AndroidManifest.xml:26:5-110
31-->[com.google.android.gms:play-services-measurement:22.1.2] AndroidManifest.xml:26:22-107
32    <uses-permission android:name="com.google.android.gms.permission.AD_ID" />
32-->[com.google.android.gms:play-services-measurement-impl:22.1.2] AndroidManifest.xml:27:5-79
32-->[com.google.android.gms:play-services-measurement-impl:22.1.2] AndroidManifest.xml:27:22-76
33    <uses-permission android:name="android.permission.ACCESS_ADSERVICES_ATTRIBUTION" />
33-->[com.google.android.gms:play-services-measurement-api:22.1.2] AndroidManifest.xml:26:5-88
33-->[com.google.android.gms:play-services-measurement-api:22.1.2] AndroidManifest.xml:26:22-85
34    <uses-permission android:name="android.permission.ACCESS_ADSERVICES_AD_ID" />
34-->[com.google.android.gms:play-services-measurement-api:22.1.2] AndroidManifest.xml:27:5-82
34-->[com.google.android.gms:play-services-measurement-api:22.1.2] AndroidManifest.xml:27:22-79
35    <uses-permission android:name="com.google.android.providers.gsf.permission.READ_GSERVICES" />
35-->[com.google.android.recaptcha:recaptcha:18.5.1] AndroidManifest.xml:9:5-98
35-->[com.google.android.recaptcha:recaptcha:18.5.1] AndroidManifest.xml:9:22-95
36
37    <permission
37-->[androidx.core:core:1.13.0] AndroidManifest.xml:22:5-24:47
38        android:name="com.civicai.DYNAMIC_RECEIVER_NOT_EXPORTED_PERMISSION"
38-->[androidx.core:core:1.13.0] AndroidManifest.xml:23:9-81
39        android:protectionLevel="signature" />
39-->[androidx.core:core:1.13.0] AndroidManifest.xml:24:9-44
40
41    <uses-permission android:name="com.civicai.DYNAMIC_RECEIVER_NOT_EXPORTED_PERMISSION" />
41-->[androidx.core:core:1.13.0] AndroidManifest.xml:26:5-97
41-->[androidx.core:core:1.13.0] AndroidManifest.xml:26:22-94
42
43    <application
43-->src\main\AndroidManifest.xml:12:5-44:19
44        android:name="com.civicai.CivicAiApp"
44-->src\main\AndroidManifest.xml:13:9-35
45        android:allowBackup="true"
45-->src\main\AndroidManifest.xml:14:9-35
46        android:appComponentFactory="androidx.core.app.CoreComponentFactory"
46-->[androidx.core:core:1.13.0] AndroidManifest.xml:28:18-86
47        android:debuggable="true"
48        android:extractNativeLibs="false"
49        android:icon="@drawable/ic_ai_sparkle"
49-->src\main\AndroidManifest.xml:15:9-47
50        android:label="@string/app_name"
50-->src\main\AndroidManifest.xml:16:9-41
51        android:roundIcon="@drawable/ic_ai_sparkle"
51-->src\main\AndroidManifest.xml:17:9-52
52        android:supportsRtl="true"
52-->src\main\AndroidManifest.xml:18:9-35
53        android:theme="@style/Theme.CivicAI" >
53-->src\main\AndroidManifest.xml:19:9-45
54
55        <!-- Entry / Role Router Activity -->
56        <activity
56-->src\main\AndroidManifest.xml:22:9-30:20
57            android:name="com.civicai.MainActivity"
57-->src\main\AndroidManifest.xml:23:13-41
58            android:exported="true"
58-->src\main\AndroidManifest.xml:24:13-36
59            android:theme="@style/Theme.CivicAI" >
59-->src\main\AndroidManifest.xml:25:13-49
60            <intent-filter>
60-->src\main\AndroidManifest.xml:26:13-29:29
61                <action android:name="android.intent.action.MAIN" />
61-->src\main\AndroidManifest.xml:27:17-69
61-->src\main\AndroidManifest.xml:27:25-66
62
63                <category android:name="android.intent.category.LAUNCHER" />
63-->src\main\AndroidManifest.xml:28:17-77
63-->src\main\AndroidManifest.xml:28:27-74
64            </intent-filter>
65        </activity>
66
67        <!-- Citizen Workspace Activity -->
68        <activity
68-->src\main\AndroidManifest.xml:33:9-36:58
69            android:name="com.civicai.citizen.CitizenMainActivity"
69-->src\main\AndroidManifest.xml:34:13-56
70            android:exported="false"
70-->src\main\AndroidManifest.xml:35:13-37
71            android:parentActivityName="com.civicai.MainActivity" />
71-->src\main\AndroidManifest.xml:36:13-55
72
73        <!-- Government Official Portal Activity -->
74        <activity
74-->src\main\AndroidManifest.xml:39:9-42:58
75            android:name="com.civicai.government.GovMainActivity"
75-->src\main\AndroidManifest.xml:40:13-55
76            android:exported="false"
76-->src\main\AndroidManifest.xml:41:13-37
77            android:parentActivityName="com.civicai.MainActivity" />
77-->src\main\AndroidManifest.xml:42:13-55
78
79        <!-- Needs to be explicitly declared on P+ -->
80        <uses-library
80-->[com.google.android.gms:play-services-maps:19.0.0] AndroidManifest.xml:39:9-41:40
81            android:name="org.apache.http.legacy"
81-->[com.google.android.gms:play-services-maps:19.0.0] AndroidManifest.xml:40:13-50
82            android:required="false" />
82-->[com.google.android.gms:play-services-maps:19.0.0] AndroidManifest.xml:41:13-37
83
84        <activity
84-->[com.google.firebase:firebase-auth:23.1.0] AndroidManifest.xml:29:9-46:20
85            android:name="com.google.firebase.auth.internal.GenericIdpActivity"
85-->[com.google.firebase:firebase-auth:23.1.0] AndroidManifest.xml:30:13-80
86            android:excludeFromRecents="true"
86-->[com.google.firebase:firebase-auth:23.1.0] AndroidManifest.xml:31:13-46
87            android:exported="true"
87-->[com.google.firebase:firebase-auth:23.1.0] AndroidManifest.xml:32:13-36
88            android:launchMode="singleTask"
88-->[com.google.firebase:firebase-auth:23.1.0] AndroidManifest.xml:33:13-44
89            android:theme="@android:style/Theme.Translucent.NoTitleBar" >
89-->[com.google.firebase:firebase-auth:23.1.0] AndroidManifest.xml:34:13-72
90            <intent-filter>
90-->[com.google.firebase:firebase-auth:23.1.0] AndroidManifest.xml:35:13-45:29
91                <action android:name="android.intent.action.VIEW" />
91-->[com.google.firebase:firebase-auth:23.1.0] AndroidManifest.xml:36:17-69
91-->[com.google.firebase:firebase-auth:23.1.0] AndroidManifest.xml:36:25-66
92
93                <category android:name="android.intent.category.DEFAULT" />
93-->[com.google.firebase:firebase-auth:23.1.0] AndroidManifest.xml:38:17-76
93-->[com.google.firebase:firebase-auth:23.1.0] AndroidManifest.xml:38:27-73
94                <category android:name="android.intent.category.BROWSABLE" />
94-->[com.google.firebase:firebase-auth:23.1.0] AndroidManifest.xml:39:17-78
94-->[com.google.firebase:firebase-auth:23.1.0] AndroidManifest.xml:39:27-75
95
96                <data
96-->[com.google.firebase:firebase-auth:23.1.0] AndroidManifest.xml:41:17-44:51
97                    android:host="firebase.auth"
97-->[com.google.firebase:firebase-auth:23.1.0] AndroidManifest.xml:42:21-49
98                    android:path="/"
98-->[com.google.firebase:firebase-auth:23.1.0] AndroidManifest.xml:43:21-37
99                    android:scheme="genericidp" />
99-->[com.google.firebase:firebase-auth:23.1.0] AndroidManifest.xml:44:21-48
100            </intent-filter>
101        </activity>
102        <activity
102-->[com.google.firebase:firebase-auth:23.1.0] AndroidManifest.xml:47:9-64:20
103            android:name="com.google.firebase.auth.internal.RecaptchaActivity"
103-->[com.google.firebase:firebase-auth:23.1.0] AndroidManifest.xml:48:13-79
104            android:excludeFromRecents="true"
104-->[com.google.firebase:firebase-auth:23.1.0] AndroidManifest.xml:49:13-46
105            android:exported="true"
105-->[com.google.firebase:firebase-auth:23.1.0] AndroidManifest.xml:50:13-36
106            android:launchMode="singleTask"
106-->[com.google.firebase:firebase-auth:23.1.0] AndroidManifest.xml:51:13-44
107            android:theme="@android:style/Theme.Translucent.NoTitleBar" >
107-->[com.google.firebase:firebase-auth:23.1.0] AndroidManifest.xml:52:13-72
108            <intent-filter>
108-->[com.google.firebase:firebase-auth:23.1.0] AndroidManifest.xml:53:13-63:29
109                <action android:name="android.intent.action.VIEW" />
109-->[com.google.firebase:firebase-auth:23.1.0] AndroidManifest.xml:36:17-69
109-->[com.google.firebase:firebase-auth:23.1.0] AndroidManifest.xml:36:25-66
110
111                <category android:name="android.intent.category.DEFAULT" />
111-->[com.google.firebase:firebase-auth:23.1.0] AndroidManifest.xml:38:17-76
111-->[com.google.firebase:firebase-auth:23.1.0] AndroidManifest.xml:38:27-73
112                <category android:name="android.intent.category.BROWSABLE" />
112-->[com.google.firebase:firebase-auth:23.1.0] AndroidManifest.xml:39:17-78
112-->[com.google.firebase:firebase-auth:23.1.0] AndroidManifest.xml:39:27-75
113
114                <data
114-->[com.google.firebase:firebase-auth:23.1.0] AndroidManifest.xml:41:17-44:51
115                    android:host="firebase.auth"
115-->[com.google.firebase:firebase-auth:23.1.0] AndroidManifest.xml:42:21-49
116                    android:path="/"
116-->[com.google.firebase:firebase-auth:23.1.0] AndroidManifest.xml:43:21-37
117                    android:scheme="recaptcha" />
117-->[com.google.firebase:firebase-auth:23.1.0] AndroidManifest.xml:44:21-48
118            </intent-filter>
119        </activity>
120
121        <service
121-->[com.google.firebase:firebase-auth:23.1.0] AndroidManifest.xml:66:9-72:19
122            android:name="com.google.firebase.components.ComponentDiscoveryService"
122-->[com.google.firebase:firebase-auth:23.1.0] AndroidManifest.xml:67:13-84
123            android:directBootAware="true"
123-->[com.google.firebase:firebase-common:21.0.0] AndroidManifest.xml:32:13-43
124            android:exported="false" >
124-->[com.google.firebase:firebase-auth:23.1.0] AndroidManifest.xml:68:13-37
125            <meta-data
125-->[com.google.firebase:firebase-auth:23.1.0] AndroidManifest.xml:69:13-71:85
126                android:name="com.google.firebase.components:com.google.firebase.auth.FirebaseAuthRegistrar"
126-->[com.google.firebase:firebase-auth:23.1.0] AndroidManifest.xml:70:17-109
127                android:value="com.google.firebase.components.ComponentRegistrar" />
127-->[com.google.firebase:firebase-auth:23.1.0] AndroidManifest.xml:71:17-82
128            <meta-data
128-->[com.google.firebase:firebase-firestore:25.1.1] AndroidManifest.xml:17:13-19:85
129                android:name="com.google.firebase.components:com.google.firebase.firestore.FirebaseFirestoreKtxRegistrar"
129-->[com.google.firebase:firebase-firestore:25.1.1] AndroidManifest.xml:18:17-122
130                android:value="com.google.firebase.components.ComponentRegistrar" />
130-->[com.google.firebase:firebase-firestore:25.1.1] AndroidManifest.xml:19:17-82
131            <meta-data
131-->[com.google.firebase:firebase-firestore:25.1.1] AndroidManifest.xml:20:13-22:85
132                android:name="com.google.firebase.components:com.google.firebase.firestore.FirestoreRegistrar"
132-->[com.google.firebase:firebase-firestore:25.1.1] AndroidManifest.xml:21:17-111
133                android:value="com.google.firebase.components.ComponentRegistrar" />
133-->[com.google.firebase:firebase-firestore:25.1.1] AndroidManifest.xml:22:17-82
134            <meta-data
134-->[com.google.firebase:firebase-messaging:24.1.0] AndroidManifest.xml:57:13-59:85
135                android:name="com.google.firebase.components:com.google.firebase.messaging.FirebaseMessagingKtxRegistrar"
135-->[com.google.firebase:firebase-messaging:24.1.0] AndroidManifest.xml:58:17-122
136                android:value="com.google.firebase.components.ComponentRegistrar" />
136-->[com.google.firebase:firebase-messaging:24.1.0] AndroidManifest.xml:59:17-82
137            <meta-data
137-->[com.google.firebase:firebase-messaging:24.1.0] AndroidManifest.xml:60:13-62:85
138                android:name="com.google.firebase.components:com.google.firebase.messaging.FirebaseMessagingRegistrar"
138-->[com.google.firebase:firebase-messaging:24.1.0] AndroidManifest.xml:61:17-119
139                android:value="com.google.firebase.components.ComponentRegistrar" />
139-->[com.google.firebase:firebase-messaging:24.1.0] AndroidManifest.xml:62:17-82
140            <meta-data
140-->[com.google.firebase:firebase-storage:21.0.1] AndroidManifest.xml:30:13-32:85
141                android:name="com.google.firebase.components:com.google.firebase.storage.FirebaseStorageKtxRegistrar"
141-->[com.google.firebase:firebase-storage:21.0.1] AndroidManifest.xml:31:17-118
142                android:value="com.google.firebase.components.ComponentRegistrar" />
142-->[com.google.firebase:firebase-storage:21.0.1] AndroidManifest.xml:32:17-82
143            <meta-data
143-->[com.google.firebase:firebase-storage:21.0.1] AndroidManifest.xml:33:13-35:85
144                android:name="com.google.firebase.components:com.google.firebase.storage.StorageRegistrar"
144-->[com.google.firebase:firebase-storage:21.0.1] AndroidManifest.xml:34:17-107
145                android:value="com.google.firebase.components.ComponentRegistrar" />
145-->[com.google.firebase:firebase-storage:21.0.1] AndroidManifest.xml:35:17-82
146            <meta-data
146-->[com.google.firebase:firebase-appcheck:18.0.0] AndroidManifest.xml:25:13-27:85
147                android:name="com.google.firebase.components:com.google.firebase.appcheck.FirebaseAppCheckKtxRegistrar"
147-->[com.google.firebase:firebase-appcheck:18.0.0] AndroidManifest.xml:26:17-120
148                android:value="com.google.firebase.components.ComponentRegistrar" />
148-->[com.google.firebase:firebase-appcheck:18.0.0] AndroidManifest.xml:27:17-82
149            <meta-data
149-->[com.google.firebase:firebase-appcheck:18.0.0] AndroidManifest.xml:28:13-30:85
150                android:name="com.google.firebase.components:com.google.firebase.appcheck.FirebaseAppCheckRegistrar"
150-->[com.google.firebase:firebase-appcheck:18.0.0] AndroidManifest.xml:29:17-117
151                android:value="com.google.firebase.components.ComponentRegistrar" />
151-->[com.google.firebase:firebase-appcheck:18.0.0] AndroidManifest.xml:30:17-82
152            <meta-data
152-->[com.google.android.gms:play-services-measurement-api:22.1.2] AndroidManifest.xml:37:13-39:85
153                android:name="com.google.firebase.components:com.google.firebase.analytics.connector.internal.AnalyticsConnectorRegistrar"
153-->[com.google.android.gms:play-services-measurement-api:22.1.2] AndroidManifest.xml:38:17-139
154                android:value="com.google.firebase.components.ComponentRegistrar" />
154-->[com.google.android.gms:play-services-measurement-api:22.1.2] AndroidManifest.xml:39:17-82
155            <meta-data
155-->[com.google.firebase:firebase-installations:18.0.0] AndroidManifest.xml:15:13-17:85
156                android:name="com.google.firebase.components:com.google.firebase.installations.FirebaseInstallationsKtxRegistrar"
156-->[com.google.firebase:firebase-installations:18.0.0] AndroidManifest.xml:16:17-130
157                android:value="com.google.firebase.components.ComponentRegistrar" />
157-->[com.google.firebase:firebase-installations:18.0.0] AndroidManifest.xml:17:17-82
158            <meta-data
158-->[com.google.firebase:firebase-installations:18.0.0] AndroidManifest.xml:18:13-20:85
159                android:name="com.google.firebase.components:com.google.firebase.installations.FirebaseInstallationsRegistrar"
159-->[com.google.firebase:firebase-installations:18.0.0] AndroidManifest.xml:19:17-127
160                android:value="com.google.firebase.components.ComponentRegistrar" />
160-->[com.google.firebase:firebase-installations:18.0.0] AndroidManifest.xml:20:17-82
161            <meta-data
161-->[com.google.firebase:firebase-common-ktx:21.0.0] AndroidManifest.xml:12:13-14:85
162                android:name="com.google.firebase.components:com.google.firebase.ktx.FirebaseCommonLegacyRegistrar"
162-->[com.google.firebase:firebase-common-ktx:21.0.0] AndroidManifest.xml:13:17-116
163                android:value="com.google.firebase.components.ComponentRegistrar" />
163-->[com.google.firebase:firebase-common-ktx:21.0.0] AndroidManifest.xml:14:17-82
164            <meta-data
164-->[com.google.firebase:firebase-common:21.0.0] AndroidManifest.xml:35:13-37:85
165                android:name="com.google.firebase.components:com.google.firebase.FirebaseCommonKtxRegistrar"
165-->[com.google.firebase:firebase-common:21.0.0] AndroidManifest.xml:36:17-109
166                android:value="com.google.firebase.components.ComponentRegistrar" />
166-->[com.google.firebase:firebase-common:21.0.0] AndroidManifest.xml:37:17-82
167            <meta-data
167-->[com.google.firebase:firebase-datatransport:18.2.0] AndroidManifest.xml:25:13-27:85
168                android:name="com.google.firebase.components:com.google.firebase.datatransport.TransportRegistrar"
168-->[com.google.firebase:firebase-datatransport:18.2.0] AndroidManifest.xml:26:17-115
169                android:value="com.google.firebase.components.ComponentRegistrar" />
169-->[com.google.firebase:firebase-datatransport:18.2.0] AndroidManifest.xml:27:17-82
170        </service>
171
172        <receiver
172-->[com.google.firebase:firebase-messaging:24.1.0] AndroidManifest.xml:29:9-40:20
173            android:name="com.google.firebase.iid.FirebaseInstanceIdReceiver"
173-->[com.google.firebase:firebase-messaging:24.1.0] AndroidManifest.xml:30:13-78
174            android:exported="true"
174-->[com.google.firebase:firebase-messaging:24.1.0] AndroidManifest.xml:31:13-36
175            android:permission="com.google.android.c2dm.permission.SEND" >
175-->[com.google.firebase:firebase-messaging:24.1.0] AndroidManifest.xml:32:13-73
176            <intent-filter>
176-->[com.google.firebase:firebase-messaging:24.1.0] AndroidManifest.xml:33:13-35:29
177                <action android:name="com.google.android.c2dm.intent.RECEIVE" />
177-->[com.google.firebase:firebase-messaging:24.1.0] AndroidManifest.xml:34:17-81
177-->[com.google.firebase:firebase-messaging:24.1.0] AndroidManifest.xml:34:25-78
178            </intent-filter>
179
180            <meta-data
180-->[com.google.firebase:firebase-messaging:24.1.0] AndroidManifest.xml:37:13-39:40
181                android:name="com.google.android.gms.cloudmessaging.FINISHED_AFTER_HANDLED"
181-->[com.google.firebase:firebase-messaging:24.1.0] AndroidManifest.xml:38:17-92
182                android:value="true" />
182-->[com.google.firebase:firebase-messaging:24.1.0] AndroidManifest.xml:39:17-37
183        </receiver>
184        <!--
185             FirebaseMessagingService performs security checks at runtime,
186             but set to not exported to explicitly avoid allowing another app to call it.
187        -->
188        <service
188-->[com.google.firebase:firebase-messaging:24.1.0] AndroidManifest.xml:46:9-53:19
189            android:name="com.google.firebase.messaging.FirebaseMessagingService"
189-->[com.google.firebase:firebase-messaging:24.1.0] AndroidManifest.xml:47:13-82
190            android:directBootAware="true"
190-->[com.google.firebase:firebase-messaging:24.1.0] AndroidManifest.xml:48:13-43
191            android:exported="false" >
191-->[com.google.firebase:firebase-messaging:24.1.0] AndroidManifest.xml:49:13-37
192            <intent-filter android:priority="-500" >
192-->[com.google.firebase:firebase-messaging:24.1.0] AndroidManifest.xml:50:13-52:29
192-->[com.google.firebase:firebase-messaging:24.1.0] AndroidManifest.xml:50:28-51
193                <action android:name="com.google.firebase.MESSAGING_EVENT" />
193-->[com.google.firebase:firebase-messaging:24.1.0] AndroidManifest.xml:51:17-78
193-->[com.google.firebase:firebase-messaging:24.1.0] AndroidManifest.xml:51:25-75
194            </intent-filter>
195        </service>
196        <service
196-->[androidx.credentials:credentials-play-services-auth:1.2.0-rc01] AndroidManifest.xml:24:9-32:19
197            android:name="androidx.credentials.playservices.CredentialProviderMetadataHolder"
197-->[androidx.credentials:credentials-play-services-auth:1.2.0-rc01] AndroidManifest.xml:25:13-94
198            android:enabled="true"
198-->[androidx.credentials:credentials-play-services-auth:1.2.0-rc01] AndroidManifest.xml:26:13-35
199            android:exported="false" >
199-->[androidx.credentials:credentials-play-services-auth:1.2.0-rc01] AndroidManifest.xml:27:13-37
200            <meta-data
200-->[androidx.credentials:credentials-play-services-auth:1.2.0-rc01] AndroidManifest.xml:29:13-31:104
201                android:name="androidx.credentials.CREDENTIAL_PROVIDER_KEY"
201-->[androidx.credentials:credentials-play-services-auth:1.2.0-rc01] AndroidManifest.xml:30:17-76
202                android:value="androidx.credentials.playservices.CredentialProviderPlayServicesImpl" />
202-->[androidx.credentials:credentials-play-services-auth:1.2.0-rc01] AndroidManifest.xml:31:17-101
203        </service>
204
205        <activity
205-->[androidx.credentials:credentials-play-services-auth:1.2.0-rc01] AndroidManifest.xml:34:9-41:20
206            android:name="androidx.credentials.playservices.HiddenActivity"
206-->[androidx.credentials:credentials-play-services-auth:1.2.0-rc01] AndroidManifest.xml:35:13-76
207            android:configChanges="orientation|screenSize|screenLayout|keyboardHidden"
207-->[androidx.credentials:credentials-play-services-auth:1.2.0-rc01] AndroidManifest.xml:36:13-87
208            android:enabled="true"
208-->[androidx.credentials:credentials-play-services-auth:1.2.0-rc01] AndroidManifest.xml:37:13-35
209            android:exported="false"
209-->[androidx.credentials:credentials-play-services-auth:1.2.0-rc01] AndroidManifest.xml:38:13-37
210            android:fitsSystemWindows="true"
210-->[androidx.credentials:credentials-play-services-auth:1.2.0-rc01] AndroidManifest.xml:39:13-45
211            android:theme="@style/Theme.Hidden" >
211-->[androidx.credentials:credentials-play-services-auth:1.2.0-rc01] AndroidManifest.xml:40:13-48
212        </activity>
213        <activity
213-->[com.google.android.gms:play-services-auth:20.7.0] AndroidManifest.xml:23:9-27:75
214            android:name="com.google.android.gms.auth.api.signin.internal.SignInHubActivity"
214-->[com.google.android.gms:play-services-auth:20.7.0] AndroidManifest.xml:24:13-93
215            android:excludeFromRecents="true"
215-->[com.google.android.gms:play-services-auth:20.7.0] AndroidManifest.xml:25:13-46
216            android:exported="false"
216-->[com.google.android.gms:play-services-auth:20.7.0] AndroidManifest.xml:26:13-37
217            android:theme="@android:style/Theme.Translucent.NoTitleBar" />
217-->[com.google.android.gms:play-services-auth:20.7.0] AndroidManifest.xml:27:13-72
218        <!--
219            Service handling Google Sign-In user revocation. For apps that do not integrate with
220            Google Sign-In, this service will never be started.
221        -->
222        <service
222-->[com.google.android.gms:play-services-auth:20.7.0] AndroidManifest.xml:33:9-37:51
223            android:name="com.google.android.gms.auth.api.signin.RevocationBoundService"
223-->[com.google.android.gms:play-services-auth:20.7.0] AndroidManifest.xml:34:13-89
224            android:exported="true"
224-->[com.google.android.gms:play-services-auth:20.7.0] AndroidManifest.xml:35:13-36
225            android:permission="com.google.android.gms.auth.api.signin.permission.REVOCATION_NOTIFICATION"
225-->[com.google.android.gms:play-services-auth:20.7.0] AndroidManifest.xml:36:13-107
226            android:visibleToInstantApps="true" />
226-->[com.google.android.gms:play-services-auth:20.7.0] AndroidManifest.xml:37:13-48
227
228        <receiver
228-->[com.google.android.gms:play-services-measurement:22.1.2] AndroidManifest.xml:29:9-33:20
229            android:name="com.google.android.gms.measurement.AppMeasurementReceiver"
229-->[com.google.android.gms:play-services-measurement:22.1.2] AndroidManifest.xml:30:13-85
230            android:enabled="true"
230-->[com.google.android.gms:play-services-measurement:22.1.2] AndroidManifest.xml:31:13-35
231            android:exported="false" >
231-->[com.google.android.gms:play-services-measurement:22.1.2] AndroidManifest.xml:32:13-37
232        </receiver>
233
234        <service
234-->[com.google.android.gms:play-services-measurement:22.1.2] AndroidManifest.xml:35:9-38:40
235            android:name="com.google.android.gms.measurement.AppMeasurementService"
235-->[com.google.android.gms:play-services-measurement:22.1.2] AndroidManifest.xml:36:13-84
236            android:enabled="true"
236-->[com.google.android.gms:play-services-measurement:22.1.2] AndroidManifest.xml:37:13-35
237            android:exported="false" />
237-->[com.google.android.gms:play-services-measurement:22.1.2] AndroidManifest.xml:38:13-37
238        <service
238-->[com.google.android.gms:play-services-measurement:22.1.2] AndroidManifest.xml:39:9-43:72
239            android:name="com.google.android.gms.measurement.AppMeasurementJobService"
239-->[com.google.android.gms:play-services-measurement:22.1.2] AndroidManifest.xml:40:13-87
240            android:enabled="true"
240-->[com.google.android.gms:play-services-measurement:22.1.2] AndroidManifest.xml:41:13-35
241            android:exported="false"
241-->[com.google.android.gms:play-services-measurement:22.1.2] AndroidManifest.xml:42:13-37
242            android:permission="android.permission.BIND_JOB_SERVICE" />
242-->[com.google.android.gms:play-services-measurement:22.1.2] AndroidManifest.xml:43:13-69
243
244        <activity
244-->[com.google.android.gms:play-services-base:18.5.0] AndroidManifest.xml:5:9-173
245            android:name="com.google.android.gms.common.api.GoogleApiActivity"
245-->[com.google.android.gms:play-services-base:18.5.0] AndroidManifest.xml:5:19-85
246            android:exported="false"
246-->[com.google.android.gms:play-services-base:18.5.0] AndroidManifest.xml:5:146-170
247            android:theme="@android:style/Theme.Translucent.NoTitleBar" />
247-->[com.google.android.gms:play-services-base:18.5.0] AndroidManifest.xml:5:86-145
248
249        <property
249-->[com.google.android.gms:play-services-measurement-api:22.1.2] AndroidManifest.xml:30:9-32:61
250            android:name="android.adservices.AD_SERVICES_CONFIG"
250-->[com.google.android.gms:play-services-measurement-api:22.1.2] AndroidManifest.xml:31:13-65
251            android:resource="@xml/ga_ad_services_config" />
251-->[com.google.android.gms:play-services-measurement-api:22.1.2] AndroidManifest.xml:32:13-58
252
253        <provider
253-->[com.google.firebase:firebase-common:21.0.0] AndroidManifest.xml:23:9-28:39
254            android:name="com.google.firebase.provider.FirebaseInitProvider"
254-->[com.google.firebase:firebase-common:21.0.0] AndroidManifest.xml:24:13-77
255            android:authorities="com.civicai.firebaseinitprovider"
255-->[com.google.firebase:firebase-common:21.0.0] AndroidManifest.xml:25:13-72
256            android:directBootAware="true"
256-->[com.google.firebase:firebase-common:21.0.0] AndroidManifest.xml:26:13-43
257            android:exported="false"
257-->[com.google.firebase:firebase-common:21.0.0] AndroidManifest.xml:27:13-37
258            android:initOrder="100" />